# JRE version: Java(TM) SE Runtime Environment (8.0_241-b07) (build 1.8.0_241-b07)
# Java VM: Java HotSpot(TM) 64-Bit Server VM (25.241-b07 mixed mode windows-amd64 compressed oops)
Heap:
 PSYoungGen      total 375808K, used 156710K [0x00000000e0000000, 0x00000000fd400000, 0x0000000100000000)
  eden space 352256K, 37% used [0x00000000e0000000,0x00000000e820e938,0x00000000f5800000)
  from space 23552K, 99% used [0x00000000f5800000,0x00000000f6efb048,0x00000000f6f00000)
  to   space 35328K, 0% used [0x00000000fb180000,0x00000000fb180000,0x00000000fd400000)
 ParOldGen       total 236032K, used 62254K [0x00000000a0000000, 0x00000000ae680000, 0x00000000e0000000)
  object space 236032K, 26% used [0x00000000a0000000,0x00000000a3ccba60,0x00000000ae680000)
 Metaspace       used 76596K, capacity 79000K, committed 79360K, reserved 1118208K
  class space    used 9935K, capacity 10454K, committed 10496K, reserved 1048576K
GC Heap History (10 events):
Event: 45.170 GC heap before
{Heap before GC invocations=16 (full 2):
 PSYoungGen      total 242176K, used 237881K [0x00000000e0000000, 0x00000000f2900000, 0x0000000100000000)
  eden space 228352K, 100% used [0x00000000e0000000,0x00000000edf00000,0x00000000edf00000)
  from space 13824K, 68% used [0x00000000edf00000,0x00000000ee84e520,0x00000000eec80000)
  to   space 13824K, 0% used [0x00000000f1b80000,0x00000000f1b80000,0x00000000f2900000)
 ParOldGen       total 172544K, used 20559K [0x00000000a0000000, 0x00000000aa880000, 0x00000000e0000000)
  object space 172544K, 11% used [0x00000000a0000000,0x00000000a1413e00,0x00000000aa880000)
 Metaspace       used 50922K, capacity 51912K, committed 52352K, reserved 1095680K
  class space    used 6681K, capacity 6953K, committed 7040K, reserved 1048576K
Event: 45.200 GC heap after
Heap after GC invocations=16 (full 2):
 PSYoungGen      total 286208K, used 13807K [0x00000000e0000000, 0x00000000f3800000, 0x0000000100000000)
  eden space 272384K, 0% used [0x00000000e0000000,0x00000000e0000000,0x00000000f0a00000)
  from space 13824K, 99% used [0x00000000f1b80000,0x00000000f28fbe50,0x00000000f2900000)
  to   space 17920K, 0% used [0x00000000f0a00000,0x00000000f0a00000,0x00000000f1b80000)
 ParOldGen       total 172544K, used 27421K [0x00000000a0000000, 0x00000000aa880000, 0x00000000e0000000)
  object space 172544K, 15% used [0x00000000a0000000,0x00000000a1ac7660,0x00000000aa880000)
 Metaspace       used 50922K, capacity 51912K, committed 52352K, reserved 1095680K
  class space    used 6681K, capacity 6953K, committed 7040K, reserved 1048576K
}
Event: 46.513 GC heap before
{Heap before GC invocations=17 (full 2):
 PSYoungGen      total 286208K, used 91405K [0x00000000e0000000, 0x00000000f3800000, 0x0000000100000000)
  eden space 272384K, 28% used [0x00000000e0000000,0x00000000e4bc77e8,0x00000000f0a00000)
  from space 13824K, 99% used [0x00000000f1b80000,0x00000000f28fbe50,0x00000000f2900000)
  to   space 17920K, 0% used [0x00000000f0a00000,0x00000000f0a00000,0x00000000f1b80000)
 ParOldGen       total 172544K, used 27421K [0x00000000a0000000, 0x00000000aa880000, 0x00000000e0000000)
  object space 172544K, 15% used [0x00000000a0000000,0x00000000a1ac7660,0x00000000aa880000)
 Metaspace       used 57740K, capacity 58896K, committed 59136K, reserved 1099776K
  class space    used 7613K, capacity 7926K, committed 7936K, reserved 1048576K
Event: 46.543 GC heap after
Heap after GC invocations=17 (full 2):
 PSYoungGen      total 290304K, used 17908K [0x00000000e0000000, 0x00000000f8980000, 0x0000000100000000)
  eden space 272384K, 0% used [0x00000000e0000000,0x00000000e0000000,0x00000000f0a00000)
  from space 17920K, 99% used [0x00000000f0a00000,0x00000000f1b7d0c0,0x00000000f1b80000)
  to   space 22016K, 0% used [0x00000000f7400000,0x00000000f7400000,0x00000000f8980000)
 ParOldGen       total 172544K, used 32984K [0x00000000a0000000, 0x00000000aa880000, 0x00000000e0000000)
  object space 172544K, 19% used [0x00000000a0000000,0x00000000a2036348,0x00000000aa880000)
 Metaspace       used 57740K, capacity 58896K, committed 59136K, reserved 1099776K
  class space    used 7613K, capacity 7926K, committed 7936K, reserved 1048576K
}
Event: 46.543 GC heap before
{Heap before GC invocations=18 (full 3):
 PSYoungGen      total 290304K, used 17908K [0x00000000e0000000, 0x00000000f8980000, 0x0000000100000000)
  eden space 272384K, 0% used [0x00000000e0000000,0x00000000e0000000,0x00000000f0a00000)
  from space 17920K, 99% used [0x00000000f0a00000,0x00000000f1b7d0c0,0x00000000f1b80000)
  to   space 22016K, 0% used [0x00000000f7400000,0x00000000f7400000,0x00000000f8980000)
 ParOldGen       total 172544K, used 32984K [0x00000000a0000000, 0x00000000aa880000, 0x00000000e0000000)
  object space 172544K, 19% used [0x00000000a0000000,0x00000000a2036348,0x00000000aa880000)
 Metaspace       used 57740K, capacity 58896K, committed 59136K, reserved 1099776K
  class space    used 7613K, capacity 7926K, committed 7936K, reserved 1048576K
Event: 46.787 GC heap after
Heap after GC invocations=18 (full 3):
 PSYoungGen      total 290304K, used 0K [0x00000000e0000000, 0x00000000f8980000, 0x0000000100000000)
  eden space 272384K, 0% used [0x00000000e0000000,0x00000000e0000000,0x00000000f0a00000)
  from space 17920K, 0% used [0x00000000f0a00000,0x00000000f0a00000,0x00000000f1b80000)
  to   space 22016K, 0% used [0x00000000f7400000,0x00000000f7400000,0x00000000f8980000)
 ParOldGen       total 236032K, used 38408K [0x00000000a0000000, 0x00000000ae680000, 0x00000000e0000000)
  object space 236032K, 16% used [0x00000000a0000000,0x00000000a2582318,0x00000000ae680000)
 Metaspace       used 57689K, capacity 58744K, committed 59136K, reserved 1099776K
  class space    used 7595K, capacity 7876K, committed 7936K, reserved 1048576K
}
Event: 88.646 GC heap before
{Heap before GC invocations=19 (full 3):
 PSYoungGen      total 290304K, used 272384K [0x00000000e0000000, 0x00000000f8980000, 0x0000000100000000)
  eden space 272384K, 100% used [0x00000000e0000000,0x00000000f0a00000,0x00000000f0a00000)
  from space 17920K, 0% used [0x00000000f0a00000,0x00000000f0a00000,0x00000000f1b80000)
  to   space 22016K, 0% used [0x00000000f7400000,0x00000000f7400000,0x00000000f8980000)
 ParOldGen       total 236032K, used 38408K [0x00000000a0000000, 0x00000000ae680000, 0x00000000e0000000)
  object space 236032K, 16% used [0x00000000a0000000,0x00000000a2582318,0x00000000ae680000)
 Metaspace       used 67094K, capacity 69034K, committed 69120K, reserved 1110016K
  class space    used 8987K, capacity 9453K, committed 9472K, reserved 1048576K
Event: 88.668 GC heap after
Heap after GC invocations=19 (full 3):
 PSYoungGen      total 368640K, used 18404K [0x00000000e0000000, 0x00000000f8600000, 0x0000000100000000)
  eden space 350208K, 0% used [0x00000000e0000000,0x00000000e0000000,0x00000000f5600000)
  from space 18432K, 99% used [0x00000000f7400000,0x00000000f85f9380,0x00000000f8600000)
  to   space 23552K, 0% used [0x00000000f5800000,0x00000000f5800000,0x00000000f6f00000)
 ParOldGen       total 236032K, used 38416K [0x00000000a0000000, 0x00000000ae680000, 0x00000000e0000000)
  object space 236032K, 16% used [0x00000000a0000000,0x00000000a2584318,0x00000000ae680000)
 Metaspace       used 67094K, capacity 69034K, committed 69120K, reserved 1110016K
  class space    used 8987K, capacity 9453K, committed 9472K, reserved 1048576K
}
Event: 134.410 GC heap before
{Heap before GC invocations=20 (full 3):
 PSYoungGen      total 368640K, used 368612K [0x00000000e0000000, 0x00000000f8600000, 0x0000000100000000)
  eden space 350208K, 100% used [0x00000000e0000000,0x00000000f5600000,0x00000000f5600000)
  from space 18432K, 99% used [0x00000000f7400000,0x00000000f85f9380,0x00000000f8600000)
  to   space 23552K, 0% used [0x00000000f5800000,0x00000000f5800000,0x00000000f6f00000)
 ParOldGen       total 236032K, used 38416K [0x00000000a0000000, 0x00000000ae680000, 0x00000000e0000000)
  object space 236032K, 16% used [0x00000000a0000000,0x00000000a2584318,0x00000000ae680000)
 Metaspace       used 72449K, capacity 74942K, committed 75136K, reserved 1114112K
  class space    used 9462K, capacity 10013K, committed 10112K, reserved 1048576K
Event: 134.467 GC heap after
Heap after GC invocations=20 (full 3):
 PSYoungGen      total 375808K, used 23532K [0x00000000e0000000, 0x00000000fd400000, 0x0000000100000000)
  eden space 352256K, 0% used [0x00000000e0000000,0x00000000e0000000,0x00000000f5800000)
  from space 23552K, 99% used [0x00000000f5800000,0x00000000f6efb048,0x00000000f6f00000)
  to   space 35328K, 0% used [0x00000000fb180000,0x00000000fb180000,0x00000000fd400000)
 ParOldGen       total 236032K, used 62254K [0x00000000a0000000, 0x00000000ae680000, 0x00000000e0000000)
  object space 236032K, 26% used [0x00000000a0000000,0x00000000a3ccba60,0x00000000ae680000)
 Metaspace       used 72449K, capacity 74942K, committed 75136K, reserved 1114112K
  class space    used 9462K, capacity 10013K, committed 10112K, reserved 1048576K
}

